  main.cpp
C:\Users\HP\Documents\GitHub\Minero-Game\ConfigMan.h(51,10): warning C4244: 'return': conversion from 'int64_t' to 'int', possible loss of data
C:\Users\HP\Documents\GitHub\Minero-Game\ConfigMan.h(86,14): warning C4244: 'initializing': conversion from '__int64' to 'int', possible loss of data
C:\Users\HP\Documents\GitHub\Minero-Game\Button.h(273,21): warning C4244: 'initializing': conversion from 'float' to 'int', possible loss of data
C:\Users\HP\Documents\GitHub\Minero-Game\Button.h(274,21): warning C4244: 'initializing': conversion from 'float' to 'int', possible loss of data
C:\Users\HP\Documents\GitHub\Minero-Game\Button.h(276,24): warning C4244: 'initializing': conversion from 'float' to 'int', possible loss of data
C:\Users\HP\Documents\GitHub\Minero-Game\Button.h(277,24): warning C4244: 'initializing': conversion from 'float' to 'int', possible loss of data
C:\Users\HP\Documents\GitHub\Minero-Game\Button.h(284,42): warning C4244: 'initializing': conversion from 'float' to 'int', possible loss of data
C:\Users\HP\Documents\GitHub\Minero-Game\Button.h(284,33): warning C4244: 'initializing': conversion from 'float' to 'const int', possible loss of data
C:\Users\HP\Documents\GitHub\Minero-Game\Button.h(285,42): warning C4244: 'initializing': conversion from 'float' to 'int', possible loss of data
C:\Users\HP\Documents\GitHub\Minero-Game\Button.h(285,33): warning C4244: 'initializing': conversion from 'float' to 'const int', possible loss of data
C:\Users\HP\Documents\GitHub\Minero-Game\Button.h(287,49): warning C4244: 'initializing': conversion from 'float' to 'int', possible loss of data
C:\Users\HP\Documents\GitHub\Minero-Game\Button.h(287,36): warning C4244: 'initializing': conversion from 'float' to 'const int', possible loss of data
C:\Users\HP\Documents\GitHub\Minero-Game\Button.h(288,49): warning C4244: 'initializing': conversion from 'float' to 'int', possible loss of data
C:\Users\HP\Documents\GitHub\Minero-Game\Button.h(288,36): warning C4244: 'initializing': conversion from 'float' to 'const int', possible loss of data
C:\Users\HP\Documents\GitHub\Minero-Game\Globals.h(766,61): warning C4244: 'argument': conversion from 'float' to 'int', possible loss of data
C:\Users\HP\Documents\GitHub\Minero-Game\Globals.h(766,54): warning C4244: 'argument': conversion from 'float' to 'int', possible loss of data
C:\Users\HP\Documents\GitHub\Minero-Game\Globals.h(766,98): warning C4244: 'argument': conversion from 'float' to 'int', possible loss of data
C:\Users\HP\Documents\GitHub\Minero-Game\Globals.h(766,91): warning C4244: 'argument': conversion from 'float' to 'int', possible loss of data
C:\Users\HP\Documents\GitHub\Minero-Game\Globals.h(766,135): warning C4244: 'argument': conversion from 'float' to 'int', possible loss of data
C:\Users\HP\Documents\GitHub\Minero-Game\Globals.h(766,128): warning C4244: 'argument': conversion from 'float' to 'int', possible loss of data
C:\Users\HP\Documents\GitHub\Minero-Game\Gameobject.h(78,25): warning C4267: 'initializing': conversion from 'size_t' to 'long', possible loss of data
C:\Users\HP\Documents\GitHub\Minero-Game\Player.h(104,61): warning C4244: 'argument': conversion from 'float' to 'int', possible loss of data
C:\Users\HP\Documents\GitHub\Minero-Game\Player.h(121,28): warning C4244: '=': conversion from 'int' to 'float', possible loss of data
C:\Users\HP\Documents\GitHub\Minero-Game\Player.h(140,25): warning C4244: 'return': conversion from 'float' to 'int', possible loss of data
C:\Users\HP\Documents\GitHub\Minero-Game\Player.h(145,25): warning C4244: 'return': conversion from 'float' to 'int', possible loss of data
C:\Users\HP\Documents\GitHub\Minero-Game\Player.h(196,28): warning C4244: 'return': conversion from 'int' to 'float', possible loss of data
C:\Users\HP\Documents\GitHub\Minero-Game\Player.h(221,35): warning C4244: '=': conversion from 'float' to 'int', possible loss of data
LINK : fatal error LNK1181: cannot open input file 'C:\Users\HP\Documents\GitHub\Minero-Game\packages\pugixml.1.14.0\build\native\lib\x64\v143\dynamic\Release\pugixml.lib'
