c:\dev\techstorm-rivalry\techstorm-rivalry\x64\release\vc143.pdb
c:\dev\techstorm-rivalry\techstorm-rivalry\x64\release\main.obj
c:\users\hp\documents\github\minero-game\x64\release\vc143.pdb
c:\users\hp\documents\github\minero-game\x64\release\main.obj
c:\dev\techstorm-rivalry\techstorm-rivalry\x64\release\techstorm rivalry.ipdb
c:\dev\techstorm-rivalry\techstorm-rivalry\x64\release\techstorm rivalry.iobj
c:\dev\techstorm-rivalry\techstorm-rivalry\x64\release\techstorm rivalry.exe
c:\dev\techstorm-rivalry\techstorm-rivalry\x64\release\techstorm rivalry.pdb
c:\dev\techstorm-rivalry\techstorm-rivalry\x64\release\techstorm rivalry.res
c:\users\hp\documents\github\minero-game\x64\release\techstorm rivalry.res
c:\users\hp\documents\github\minero-game\x64\release\techstorm rivalry.ipdb
c:\users\hp\documents\github\minero-game\x64\release\techstorm rivalry.iobj
c:\users\hp\documents\github\minero-game\x64\release\techstorm rivalry.pdb
c:\users\hp\documents\github\minero-game\x64\release\techstor.08d5b1a6.tlog\cl.command.1.tlog
c:\users\hp\documents\github\minero-game\x64\release\techstor.08d5b1a6.tlog\cl.read.1.tlog
c:\users\hp\documents\github\minero-game\x64\release\techstor.08d5b1a6.tlog\cl.write.1.tlog
c:\users\hp\documents\github\minero-game\x64\release\techstor.08d5b1a6.tlog\link.command.1.tlog
c:\users\hp\documents\github\minero-game\x64\release\techstor.08d5b1a6.tlog\link.read.1.tlog
c:\users\hp\documents\github\minero-game\x64\release\techstor.08d5b1a6.tlog\link.write.1.tlog
c:\users\hp\documents\github\minero-game\x64\release\techstor.08d5b1a6.tlog\link.write.2u.tlog
c:\users\hp\documents\github\minero-game\x64\release\techstor.08d5b1a6.tlog\rc.command.1.tlog
c:\users\hp\documents\github\minero-game\x64\release\techstor.08d5b1a6.tlog\rc.read.1.tlog
c:\users\hp\documents\github\minero-game\x64\release\techstor.08d5b1a6.tlog\rc.write.1.tlog
