  Building Custom Rule C:/Users/HP/Documents/GitHub/Minero-Game/CMakeLists.txt
  CMake is re-running because C:/Users/HP/Documents/GitHub/Minero-Game/build/CMakeFiles/generate.stamp is out-of-date.
    the file 'C:/Users/HP/Documents/GitHub/Minero-Game/CMakeLists.txt'
    is newer than 'C:/Users/HP/Documents/GitHub/Minero-Game/build/CMakeFiles/generate.stamp.depend'
    result='-1'
  -- Selecting Windows SDK version 10.0.22000.0 to target Windows 10.0.22621.
  -- Populating raylib
  -- Selecting Windows SDK version 10.0.22000.0 to target Windows 10.0.22621.
  -- Configuring done (0.0s)
  -- Generating done (0.0s)
  -- Build files have been written to: C:/Users/HP/Documents/GitHub/Minero-Game/build/_deps/raylib-subbuild
  MSBuild version 17.6.3+07e294721 for .NET Framework
  
    1>
  CMake Deprecation Warning at build/_deps/raylib-src/CMakeLists.txt:1 (cmake_minimum_required):
    Compatibility with CMake < 3.5 will be removed from a future version of
    CMake.
  
    Update the VERSION argument <min> value or use a ...<max> suffix to tell
    CMake that the project does not need compatibility with older versions.
  
  
  -- Testing if -Werror=pointer-arith can be used -- Failed
  -- Testing if -Werror=implicit-function-declaration can be used -- Failed
  -- Testing if -fno-strict-aliasing can be used -- Failed
  -- Using raylib's GLFW
  -- Including Win32 support
  -- Audio Backend: miniaudio
  -- Building raylib static library
  -- Generated config types: Debug;Release;MinSizeRel;RelWithDebInfo
  -- Compiling with the flags:
  --   PLATFORM=PLATFORM_DESKTOP
  --   GRAPHICS=GRAPHICS_API_OPENGL_33
  -- Populating tomlplusplus
  -- Selecting Windows SDK version 10.0.22000.0 to target Windows 10.0.22621.
  -- Configuring done (0.0s)
  -- Generating done (0.0s)
  -- Build files have been written to: C:/Users/HP/Documents/GitHub/Minero-Game/build/_deps/tomlplusplus-subbuild
  MSBuild version 17.6.3+07e294721 for .NET Framework
  
    Performing update step for 'tomlplusplus-populate'
    No patch step for 'tomlplusplus-populate'
    No configure step for 'tomlplusplus-populate'
    No build step for 'tomlplusplus-populate'
    No install step for 'tomlplusplus-populate'
    No test step for 'tomlplusplus-populate'
    Completed 'tomlplusplus-populate'
  CMake Error at CMakeLists.txt:41 (find_package):
  -- Configuring incomplete, errors occurred!
    Could not find a package configuration file provided by
    "unofficial-omniverse-physx-sdk" with any of the following names:
  
      unofficial-omniverse-physx-sdkConfig.cmake
      unofficial-omniverse-physx-sdk-config.cmake
  
    Add the installation prefix of "unofficial-omniverse-physx-sdk" to
    CMAKE_PREFIX_PATH or set "unofficial-omniverse-physx-sdk_DIR" to a
    directory containing one of the above files.  If
    "unofficial-omniverse-physx-sdk" provides a separate development package or
    SDK, be sure it has been installed.
  
  
C:\Program Files\Microsoft Visual Studio\2022\Community\MSBuild\Microsoft\VC\v170\Microsoft.CppCommon.targets(248,5): error MSB8066: Custom build for 'C:\Users\HP\Documents\GitHub\Minero-Game\CMakeLists.txt' exited with code 1.
