c:\users\hp\source\repos\techstorm-rivalry\techstor.08d5b1a6\x64\debug\vc143.pdb
c:\users\hp\source\repos\techstorm-rivalry\techstor.08d5b1a6\x64\debug\vc143.idb
c:\users\hp\source\repos\techstorm-rivalry\techstor.08d5b1a6\x64\debug\main.obj
c:\users\hp\source\repos\techstorm-rivalry\techstor.08d5b1a6\x64\debug\techstorm rivalry.res
c:\users\hp\source\repos\techstorm-rivalry\x64\debug\techstorm rivalry.pdb
c:\users\hp\source\repos\techstorm-rivalry\techstor.08d5b1a6\x64\debug\techstor.08d5b1a6.tlog\cl.command.1.tlog
c:\users\hp\source\repos\techstorm-rivalry\techstor.08d5b1a6\x64\debug\techstor.08d5b1a6.tlog\cl.read.1.tlog
c:\users\hp\source\repos\techstorm-rivalry\techstor.08d5b1a6\x64\debug\techstor.08d5b1a6.tlog\cl.write.1.tlog
c:\users\hp\source\repos\techstorm-rivalry\techstor.08d5b1a6\x64\debug\techstor.08d5b1a6.tlog\link-cvtres.read.1.tlog
c:\users\hp\source\repos\techstorm-rivalry\techstor.08d5b1a6\x64\debug\techstor.08d5b1a6.tlog\link-cvtres.write.1.tlog
c:\users\hp\source\repos\techstorm-rivalry\techstor.08d5b1a6\x64\debug\techstor.08d5b1a6.tlog\link-rc.read.1.tlog
c:\users\hp\source\repos\techstorm-rivalry\techstor.08d5b1a6\x64\debug\techstor.08d5b1a6.tlog\link-rc.write.1.tlog
c:\users\hp\source\repos\techstorm-rivalry\techstor.08d5b1a6\x64\debug\techstor.08d5b1a6.tlog\link.command.1.tlog
c:\users\hp\source\repos\techstorm-rivalry\techstor.08d5b1a6\x64\debug\techstor.08d5b1a6.tlog\link.read.1.tlog
c:\users\hp\source\repos\techstorm-rivalry\techstor.08d5b1a6\x64\debug\techstor.08d5b1a6.tlog\link.read.2.tlog
c:\users\hp\source\repos\techstorm-rivalry\techstor.08d5b1a6\x64\debug\techstor.08d5b1a6.tlog\link.read.3.tlog
c:\users\hp\source\repos\techstorm-rivalry\techstor.08d5b1a6\x64\debug\techstor.08d5b1a6.tlog\link.read.4.tlog
c:\users\hp\source\repos\techstorm-rivalry\techstor.08d5b1a6\x64\debug\techstor.08d5b1a6.tlog\link.write.1.tlog
c:\users\hp\source\repos\techstorm-rivalry\techstor.08d5b1a6\x64\debug\techstor.08d5b1a6.tlog\rc.command.1.tlog
c:\users\hp\source\repos\techstorm-rivalry\techstor.08d5b1a6\x64\debug\techstor.08d5b1a6.tlog\rc.read.1.tlog
c:\users\hp\source\repos\techstorm-rivalry\techstor.08d5b1a6\x64\debug\techstor.08d5b1a6.tlog\rc.write.1.tlog
