  Scanning sources for module dependencies...
  Debug.ixx
  ErrorHandling.ixx
  Compiling...
  ErrorHandling.ixx
  Debug.ixx
C:\Users\HP\source\repos\TechStorm-Rivalry\techstorm\core\errorHandling\ErrorHandling.ixx(1,1): warning C4005: 'UNICODE': macro redefinition
  C:\Users\HP\source\repos\TechStorm-Rivalry\techstorm\core\errorHandling\ErrorHandling.ixx(1,1):
  'UNICODE' previously declared on the command line
  
C:\Users\HP\source\repos\TechStorm-Rivalry\techstorm\core\errorHandling\ErrorHandling.ixx(6,28): warning C5201: a module declaration can appear only at the start of a translation unit unless a global module fragment is used
  main.cpp
C:\Users\HP\source\repos\TechStorm-Rivalry\techstorm\lib\yse\dsp\buffer.hpp(38,64): warning C4267: 'return': conversion from 'size_t' to 'UInt', possible loss of data
  (compiling source file 'main.cpp')
  
C:\Users\HP\source\repos\TechStorm-Rivalry\techstorm\lib\yse\utils\vector.hpp(30,31): warning C4244: 'return': conversion from 'double' to 'Flt', possible loss of data
  (compiling source file 'main.cpp')
  
C:\Users\HP\source\repos\TechStorm-Rivalry\techstorm\lib\yse\utils\vector.hpp(99,16): warning C4244: 'return': conversion from 'double' to 'Flt', possible loss of data
  (compiling source file 'main.cpp')
  
C:\Users\HP\source\repos\TechStorm-Rivalry\techstorm\lib\yse\music\motif\motifInterface.hpp(47,38): warning C4267: 'return': conversion from 'size_t' to 'UInt', possible loss of data
  (compiling source file 'main.cpp')
  
C:\Users\HP\source\repos\TechStorm-Rivalry\techstorm\lib\toml.h(918,1): warning C4615: #pragma warning: unknown user warning type
  (compiling source file 'main.cpp')
  
C:\Users\HP\source\repos\TechStorm-Rivalry\techstorm\lib\toml.h(920,1): warning C4193: #pragma warning(pop): no matching '#pragma warning(push)'
  (compiling source file 'main.cpp')
  
C:\Users\HP\source\repos\TechStorm-Rivalry\techstorm\lib\toml.h(1106,1): warning C4615: #pragma warning: unknown user warning type
  (compiling source file 'main.cpp')
  
C:\Users\HP\source\repos\TechStorm-Rivalry\techstorm\lib\toml.h(1129,1): warning C4615: #pragma warning: unknown user warning type
  (compiling source file 'main.cpp')
  
C:\Users\HP\source\repos\TechStorm-Rivalry\techstorm\lib\toml.h(1131,1): warning C4193: #pragma warning(pop): no matching '#pragma warning(push)'
  (compiling source file 'main.cpp')
  
C:\Users\HP\source\repos\TechStorm-Rivalry\techstorm\lib\toml.h(1143,1): warning C4615: #pragma warning: unknown user warning type
  (compiling source file 'main.cpp')
  
C:\Users\HP\source\repos\TechStorm-Rivalry\techstorm\lib\toml.h(1146,1): warning C4193: #pragma warning(pop): no matching '#pragma warning(push)'
  (compiling source file 'main.cpp')
  
C:\Users\HP\source\repos\TechStorm-Rivalry\techstorm\lib\toml.h(1188,1): warning C4615: #pragma warning: unknown user warning type
  (compiling source file 'main.cpp')
  
C:\Users\HP\source\repos\TechStorm-Rivalry\techstorm\lib\toml.h(1192,1): warning C4193: #pragma warning(pop): no matching '#pragma warning(push)'
  (compiling source file 'main.cpp')
  
C:\Users\HP\source\repos\TechStorm-Rivalry\techstorm\lib\toml.h(1212,1): warning C4615: #pragma warning: unknown user warning type
  (compiling source file 'main.cpp')
  
C:\Users\HP\source\repos\TechStorm-Rivalry\techstorm\lib\toml.h(1223,1): warning C4193: #pragma warning(pop): no matching '#pragma warning(push)'
  (compiling source file 'main.cpp')
  
C:\Users\HP\source\repos\TechStorm-Rivalry\techstorm\lib\toml.h(1224,1): warning C4615: #pragma warning: unknown user warning type
  (compiling source file 'main.cpp')
  
C:\Users\HP\source\repos\TechStorm-Rivalry\techstorm\lib\toml.h(2134,1): warning C4193: #pragma warning(pop): no matching '#pragma warning(push)'
  (compiling source file 'main.cpp')
  
C:\Users\HP\source\repos\TechStorm-Rivalry\techstorm\lib\toml.h(2138,1): warning C4615: #pragma warning: unknown user warning type
  (compiling source file 'main.cpp')
  
C:\Users\HP\source\repos\TechStorm-Rivalry\techstorm\lib\toml.h(2270,1): warning C4193: #pragma warning(pop): no matching '#pragma warning(push)'
  (compiling source file 'main.cpp')
  
C:\Users\HP\source\repos\TechStorm-Rivalry\techstorm\lib\toml.h(2274,1): warning C4615: #pragma warning: unknown user warning type
  (compiling source file 'main.cpp')
  
C:\Users\HP\source\repos\TechStorm-Rivalry\techstorm\lib\toml.h(2390,1): warning C4193: #pragma warning(pop): no matching '#pragma warning(push)'
  (compiling source file 'main.cpp')
  
C:\Users\HP\source\repos\TechStorm-Rivalry\techstorm\lib\toml.h(2394,1): warning C4615: #pragma warning: unknown user warning type
  (compiling source file 'main.cpp')
  
C:\Users\HP\source\repos\TechStorm-Rivalry\techstorm\lib\toml.h(2730,1): warning C4193: #pragma warning(pop): no matching '#pragma warning(push)'
  (compiling source file 'main.cpp')
  
C:\Users\HP\source\repos\TechStorm-Rivalry\techstorm\lib\toml.h(2773,1): warning C4615: #pragma warning: unknown user warning type
  (compiling source file 'main.cpp')
  
C:\Users\HP\source\repos\TechStorm-Rivalry\techstorm\lib\toml.h(2776,1): warning C4193: #pragma warning(pop): no matching '#pragma warning(push)'
  (compiling source file 'main.cpp')
  
C:\Users\HP\source\repos\TechStorm-Rivalry\techstorm\lib\toml.h(2780,1): warning C4615: #pragma warning: unknown user warning type
  (compiling source file 'main.cpp')
  
C:\Users\HP\source\repos\TechStorm-Rivalry\techstorm\lib\toml.h(3365,1): warning C4193: #pragma warning(pop): no matching '#pragma warning(push)'
  (compiling source file 'main.cpp')
  
C:\Users\HP\source\repos\TechStorm-Rivalry\techstorm\lib\toml.h(3369,1): warning C4615: #pragma warning: unknown user warning type
  (compiling source file 'main.cpp')
  
C:\Users\HP\source\repos\TechStorm-Rivalry\techstorm\lib\toml.h(3371,1): warning C4193: #pragma warning(pop): no matching '#pragma warning(push)'
  (compiling source file 'main.cpp')
  
C:\Users\HP\source\repos\TechStorm-Rivalry\techstorm\lib\toml.h(3375,1): warning C4615: #pragma warning: unknown user warning type
  (compiling source file 'main.cpp')
  
C:\Users\HP\source\repos\TechStorm-Rivalry\techstorm\lib\toml.h(3982,1): warning C4193: #pragma warning(pop): no matching '#pragma warning(push)'
  (compiling source file 'main.cpp')
  
C:\Users\HP\source\repos\TechStorm-Rivalry\techstorm\lib\toml.h(3986,1): warning C4615: #pragma warning: unknown user warning type
  (compiling source file 'main.cpp')
  
C:\Users\HP\source\repos\TechStorm-Rivalry\techstorm\lib\toml.h(3988,1): warning C4193: #pragma warning(pop): no matching '#pragma warning(push)'
  (compiling source file 'main.cpp')
  
C:\Users\HP\source\repos\TechStorm-Rivalry\techstorm\lib\toml.h(3992,1): warning C4615: #pragma warning: unknown user warning type
  (compiling source file 'main.cpp')
  
C:\Users\HP\source\repos\TechStorm-Rivalry\techstorm\lib\toml.h(4501,1): warning C4193: #pragma warning(pop): no matching '#pragma warning(push)'
  (compiling source file 'main.cpp')
  
C:\Users\HP\source\repos\TechStorm-Rivalry\techstorm\lib\toml.h(4505,1): warning C4615: #pragma warning: unknown user warning type
  (compiling source file 'main.cpp')
  
C:\Users\HP\source\repos\TechStorm-Rivalry\techstorm\lib\toml.h(5577,1): warning C4193: #pragma warning(pop): no matching '#pragma warning(push)'
  (compiling source file 'main.cpp')
  
C:\Users\HP\source\repos\TechStorm-Rivalry\techstorm\lib\toml.h(5581,1): warning C4615: #pragma warning: unknown user warning type
  (compiling source file 'main.cpp')
  
C:\Users\HP\source\repos\TechStorm-Rivalry\techstorm\lib\toml.h(5753,1): warning C4193: #pragma warning(pop): no matching '#pragma warning(push)'
  (compiling source file 'main.cpp')
  
C:\Users\HP\source\repos\TechStorm-Rivalry\techstorm\lib\toml.h(5757,1): warning C4615: #pragma warning: unknown user warning type
  (compiling source file 'main.cpp')
  
C:\Users\HP\source\repos\TechStorm-Rivalry\techstorm\lib\toml.h(6844,1): warning C4193: #pragma warning(pop): no matching '#pragma warning(push)'
  (compiling source file 'main.cpp')
  
C:\Users\HP\source\repos\TechStorm-Rivalry\techstorm\lib\toml.h(6848,1): warning C4615: #pragma warning: unknown user warning type
  (compiling source file 'main.cpp')
  
C:\Users\HP\source\repos\TechStorm-Rivalry\techstorm\lib\toml.h(7103,1): warning C4193: #pragma warning(pop): no matching '#pragma warning(push)'
  (compiling source file 'main.cpp')
  
C:\Users\HP\source\repos\TechStorm-Rivalry\techstorm\lib\toml.h(7107,1): warning C4615: #pragma warning: unknown user warning type
  (compiling source file 'main.cpp')
  
C:\Users\HP\source\repos\TechStorm-Rivalry\techstorm\lib\toml.h(7110,1): warning C4193: #pragma warning(pop): no matching '#pragma warning(push)'
  (compiling source file 'main.cpp')
  
C:\Users\HP\source\repos\TechStorm-Rivalry\techstorm\lib\toml.h(7114,1): warning C4615: #pragma warning: unknown user warning type
  (compiling source file 'main.cpp')
  
C:\Users\HP\source\repos\TechStorm-Rivalry\techstorm\lib\toml.h(8263,1): warning C4193: #pragma warning(pop): no matching '#pragma warning(push)'
  (compiling source file 'main.cpp')
  
C:\Users\HP\source\repos\TechStorm-Rivalry\techstorm\lib\toml.h(8267,1): warning C4615: #pragma warning: unknown user warning type
  (compiling source file 'main.cpp')
  
C:\Users\HP\source\repos\TechStorm-Rivalry\techstorm\lib\toml.h(8451,1): warning C4193: #pragma warning(pop): no matching '#pragma warning(push)'
  (compiling source file 'main.cpp')
  
C:\Users\HP\source\repos\TechStorm-Rivalry\techstorm\lib\toml.h(8455,1): warning C4615: #pragma warning: unknown user warning type
  (compiling source file 'main.cpp')
  
C:\Users\HP\source\repos\TechStorm-Rivalry\techstorm\lib\toml.h(8653,1): warning C4193: #pragma warning(pop): no matching '#pragma warning(push)'
  (compiling source file 'main.cpp')
  
C:\Users\HP\source\repos\TechStorm-Rivalry\techstorm\lib\toml.h(8661,1): warning C4615: #pragma warning: unknown user warning type
  (compiling source file 'main.cpp')
  
C:\Users\HP\source\repos\TechStorm-Rivalry\techstorm\lib\toml.h(8665,1): warning C4193: #pragma warning(pop): no matching '#pragma warning(push)'
  (compiling source file 'main.cpp')
  
C:\Users\HP\source\repos\TechStorm-Rivalry\techstorm\lib\toml.h(8669,1): warning C4615: #pragma warning: unknown user warning type
  (compiling source file 'main.cpp')
  
C:\Users\HP\source\repos\TechStorm-Rivalry\techstorm\lib\toml.h(8775,1): warning C4193: #pragma warning(pop): no matching '#pragma warning(push)'
  (compiling source file 'main.cpp')
  
C:\Users\HP\source\repos\TechStorm-Rivalry\techstorm\lib\toml.h(9130,1): warning C4615: #pragma warning: unknown user warning type
  (compiling source file 'main.cpp')
  
C:\Users\HP\source\repos\TechStorm-Rivalry\techstorm\lib\toml.h(9237,1): warning C4193: #pragma warning(pop): no matching '#pragma warning(push)'
  (compiling source file 'main.cpp')
  
C:\Users\HP\source\repos\TechStorm-Rivalry\techstorm\lib\toml.h(9245,1): warning C4615: #pragma warning: unknown user warning type
  (compiling source file 'main.cpp')
  
C:\Users\HP\source\repos\TechStorm-Rivalry\techstorm\lib\toml.h(9433,1): warning C4193: #pragma warning(pop): no matching '#pragma warning(push)'
  (compiling source file 'main.cpp')
  
C:\Users\HP\source\repos\TechStorm-Rivalry\techstorm\lib\toml.h(9441,1): warning C4615: #pragma warning: unknown user warning type
  (compiling source file 'main.cpp')
  
C:\Users\HP\source\repos\TechStorm-Rivalry\techstorm\lib\toml.h(9534,1): warning C4193: #pragma warning(pop): no matching '#pragma warning(push)'
  (compiling source file 'main.cpp')
  
C:\Users\HP\source\repos\TechStorm-Rivalry\techstorm\lib\toml.h(9542,1): warning C4615: #pragma warning: unknown user warning type
  (compiling source file 'main.cpp')
  
C:\Users\HP\source\repos\TechStorm-Rivalry\techstorm\lib\toml.h(9620,1): warning C4193: #pragma warning(pop): no matching '#pragma warning(push)'
  (compiling source file 'main.cpp')
  
C:\Users\HP\source\repos\TechStorm-Rivalry\techstorm\lib\toml.h(9628,1): warning C4615: #pragma warning: unknown user warning type
  (compiling source file 'main.cpp')
  
C:\Users\HP\source\repos\TechStorm-Rivalry\techstorm\lib\toml.h(9711,1): warning C4193: #pragma warning(pop): no matching '#pragma warning(push)'
  (compiling source file 'main.cpp')
  
C:\Users\HP\source\repos\TechStorm-Rivalry\techstorm\lib\toml.h(9745,1): warning C4615: #pragma warning: unknown user warning type
  (compiling source file 'main.cpp')
  
C:\Users\HP\source\repos\TechStorm-Rivalry\techstorm\lib\toml.h(9816,1): warning C4193: #pragma warning(pop): no matching '#pragma warning(push)'
  (compiling source file 'main.cpp')
  
C:\Users\HP\source\repos\TechStorm-Rivalry\techstorm\lib\toml.h(9822,1): warning C4615: #pragma warning: unknown user warning type
  (compiling source file 'main.cpp')
  
C:\Users\HP\source\repos\TechStorm-Rivalry\techstorm\lib\toml.h(9833,1): warning C4193: #pragma warning(pop): no matching '#pragma warning(push)'
  (compiling source file 'main.cpp')
  
C:\Users\HP\source\repos\TechStorm-Rivalry\techstorm\lib\toml.h(9834,1): warning C4615: #pragma warning: unknown user warning type
  (compiling source file 'main.cpp')
  
C:\Users\HP\source\repos\TechStorm-Rivalry\techstorm\lib\toml.h(10303,1): warning C4193: #pragma warning(pop): no matching '#pragma warning(push)'
  (compiling source file 'main.cpp')
  
C:\Users\HP\source\repos\TechStorm-Rivalry\techstorm\lib\toml.h(10307,1): warning C4615: #pragma warning: unknown user warning type
  (compiling source file 'main.cpp')
  
C:\Users\HP\source\repos\TechStorm-Rivalry\techstorm\lib\toml.h(10440,1): warning C4193: #pragma warning(pop): no matching '#pragma warning(push)'
  (compiling source file 'main.cpp')
  
C:\Users\HP\source\repos\TechStorm-Rivalry\techstorm\lib\toml.h(10444,1): warning C4615: #pragma warning: unknown user warning type
  (compiling source file 'main.cpp')
  
C:\Users\HP\source\repos\TechStorm-Rivalry\techstorm\lib\toml.h(10450,1): warning C4193: #pragma warning(pop): no matching '#pragma warning(push)'
  (compiling source file 'main.cpp')
  
C:\Users\HP\source\repos\TechStorm-Rivalry\techstorm\lib\toml.h(10451,1): warning C4615: #pragma warning: unknown user warning type
  (compiling source file 'main.cpp')
  
C:\Users\HP\source\repos\TechStorm-Rivalry\techstorm\lib\toml.h(10729,1): warning C4193: #pragma warning(pop): no matching '#pragma warning(push)'
  (compiling source file 'main.cpp')
  
C:\Users\HP\source\repos\TechStorm-Rivalry\techstorm\lib\toml.h(10733,1): warning C4615: #pragma warning: unknown user warning type
  (compiling source file 'main.cpp')
  
C:\Users\HP\source\repos\TechStorm-Rivalry\techstorm\lib\toml.h(10738,1): warning C4193: #pragma warning(pop): no matching '#pragma warning(push)'
  (compiling source file 'main.cpp')
  
C:\Users\HP\source\repos\TechStorm-Rivalry\techstorm\lib\toml.h(10739,1): warning C4615: #pragma warning: unknown user warning type
  (compiling source file 'main.cpp')
  
C:\Users\HP\source\repos\TechStorm-Rivalry\techstorm\lib\toml.h(11227,1): warning C4193: #pragma warning(pop): no matching '#pragma warning(push)'
  (compiling source file 'main.cpp')
  
C:\Users\HP\source\repos\TechStorm-Rivalry\techstorm\lib\toml.h(11231,1): warning C4615: #pragma warning: unknown user warning type
  (compiling source file 'main.cpp')
  
C:\Users\HP\source\repos\TechStorm-Rivalry\techstorm\lib\toml.h(11610,1): warning C4193: #pragma warning(pop): no matching '#pragma warning(push)'
  (compiling source file 'main.cpp')
  
C:\Users\HP\source\repos\TechStorm-Rivalry\techstorm\lib\toml.h(11614,1): warning C4615: #pragma warning: unknown user warning type
  (compiling source file 'main.cpp')
  
C:\Users\HP\source\repos\TechStorm-Rivalry\techstorm\lib\toml.h(11928,1): warning C4193: #pragma warning(pop): no matching '#pragma warning(push)'
  (compiling source file 'main.cpp')
  
C:\Users\HP\source\repos\TechStorm-Rivalry\techstorm\lib\toml.h(11952,1): warning C4615: #pragma warning: unknown user warning type
  (compiling source file 'main.cpp')
  
C:\Users\HP\source\repos\TechStorm-Rivalry\techstorm\lib\toml.h(11959,1): warning C4193: #pragma warning(pop): no matching '#pragma warning(push)'
  (compiling source file 'main.cpp')
  
C:\Users\HP\source\repos\TechStorm-Rivalry\techstorm\lib\toml.h(11963,1): warning C4615: #pragma warning: unknown user warning type
  (compiling source file 'main.cpp')
  
C:\Users\HP\source\repos\TechStorm-Rivalry\techstorm\lib\toml.h(12019,1): warning C4193: #pragma warning(pop): no matching '#pragma warning(push)'
  (compiling source file 'main.cpp')
  
C:\Users\HP\source\repos\TechStorm-Rivalry\techstorm\lib\toml.h(12025,1): warning C4615: #pragma warning: unknown user warning type
  (compiling source file 'main.cpp')
  
C:\Users\HP\source\repos\TechStorm-Rivalry\techstorm\lib\toml.h(12037,1): warning C4193: #pragma warning(pop): no matching '#pragma warning(push)'
  (compiling source file 'main.cpp')
  
C:\Users\HP\source\repos\TechStorm-Rivalry\techstorm\lib\toml.h(12038,1): warning C4615: #pragma warning: unknown user warning type
  (compiling source file 'main.cpp')
  
C:\Users\HP\source\repos\TechStorm-Rivalry\techstorm\lib\toml.h(15908,1): warning C4193: #pragma warning(pop): no matching '#pragma warning(push)'
  (compiling source file 'main.cpp')
  
C:\Users\HP\source\repos\TechStorm-Rivalry\techstorm\lib\toml.h(15916,1): warning C4615: #pragma warning: unknown user warning type
  (compiling source file 'main.cpp')
  
C:\Users\HP\source\repos\TechStorm-Rivalry\techstorm\lib\toml.h(16418,1): warning C4193: #pragma warning(pop): no matching '#pragma warning(push)'
  (compiling source file 'main.cpp')
  
C:\Users\HP\source\repos\TechStorm-Rivalry\techstorm\lib\toml.h(16426,1): warning C4615: #pragma warning: unknown user warning type
  (compiling source file 'main.cpp')
  
C:\Users\HP\source\repos\TechStorm-Rivalry\techstorm\lib\toml.h(16822,1): warning C4193: #pragma warning(pop): no matching '#pragma warning(push)'
  (compiling source file 'main.cpp')
  
C:\Users\HP\source\repos\TechStorm-Rivalry\techstorm\lib\toml.h(16830,1): warning C4615: #pragma warning: unknown user warning type
  (compiling source file 'main.cpp')
  
C:\Users\HP\source\repos\TechStorm-Rivalry\techstorm\lib\toml.h(16943,1): warning C4193: #pragma warning(pop): no matching '#pragma warning(push)'
  (compiling source file 'main.cpp')
  
C:\Users\HP\source\repos\TechStorm-Rivalry\techstorm\lib\toml.h(16951,1): warning C4615: #pragma warning: unknown user warning type
  (compiling source file 'main.cpp')
  
C:\Users\HP\source\repos\TechStorm-Rivalry\techstorm\lib\toml.h(17108,1): warning C4193: #pragma warning(pop): no matching '#pragma warning(push)'
  (compiling source file 'main.cpp')
  
C:\Users\HP\source\repos\TechStorm-Rivalry\techstorm\lib\toml.h(17114,1): warning C4193: #pragma warning(pop): no matching '#pragma warning(push)'
  (compiling source file 'main.cpp')
  
C:\Users\HP\source\repos\TechStorm-Rivalry\techstorm\core\config\ConfigFile.h(36,14): warning C4244: 'initializing': conversion from '__int64' to 'int', possible loss of data
  (compiling source file 'main.cpp')
  
C:\Users\HP\source\repos\TechStorm-Rivalry\techstorm\core\converters\ConfigTypeConverter.h(43,10): warning C4244: 'return': conversion from 'int64_t' to 'int', possible loss of data
  (compiling source file 'main.cpp')
  
C:\Users\HP\source\repos\TechStorm-Rivalry\techstorm\core\audio\EFxType.h(14,2): warning C4091: 'typedef ': ignored on left of 'EFxType' when no variable is declared
  (compiling source file 'main.cpp')
  
C:\Users\HP\source\repos\TechStorm-Rivalry\techstorm\core\ui\EDrawType.h(15,2): warning C4091: 'typedef ': ignored on left of 'EDrawType' when no variable is declared
  (compiling source file 'main.cpp')
  
C:\Users\HP\source\repos\TechStorm-Rivalry\techstorm\core\ui\UIElement.h(72,25): warning C4244: '=': conversion from 'float' to 'unsigned char', possible loss of data
  (compiling source file 'main.cpp')
  
C:\Users\HP\source\repos\TechStorm-Rivalry\techstorm\core\ui\UIElement.h(204,17): warning C4858: discarding return value: This member function returns a bool indicating whether the container is empty and has no other effects. It is not useful to call this member function and discard the return value. Use the 'clear()' member function if you want to erase all elements.
  (compiling source file 'main.cpp')
  
C:\Users\HP\source\repos\TechStorm-Rivalry\techstorm\core\utils\Button.h(267,15): warning C4244: 'initializing': conversion from 'float' to 'int', possible loss of data
  (compiling source file 'main.cpp')
  
C:\Users\HP\source\repos\TechStorm-Rivalry\techstorm\core\utils\Button.h(268,15): warning C4244: 'initializing': conversion from 'float' to 'int', possible loss of data
  (compiling source file 'main.cpp')
  
C:\Users\HP\source\repos\TechStorm-Rivalry\techstorm\core\utils\Button.h(270,18): warning C4244: 'initializing': conversion from 'float' to 'int', possible loss of data
  (compiling source file 'main.cpp')
  
C:\Users\HP\source\repos\TechStorm-Rivalry\techstorm\core\utils\Button.h(271,18): warning C4244: 'initializing': conversion from 'float' to 'int', possible loss of data
  (compiling source file 'main.cpp')
  
C:\Users\HP\source\repos\TechStorm-Rivalry\techstorm\core\utils\Button.h(273,36): warning C4244: 'initializing': conversion from 'float' to 'int', possible loss of data
  (compiling source file 'main.cpp')
  
C:\Users\HP\source\repos\TechStorm-Rivalry\techstorm\core\utils\Button.h(273,27): warning C4244: 'initializing': conversion from 'float' to 'const int', possible loss of data
  (compiling source file 'main.cpp')
  
C:\Users\HP\source\repos\TechStorm-Rivalry\techstorm\core\utils\Button.h(274,36): warning C4244: 'initializing': conversion from 'float' to 'int', possible loss of data
  (compiling source file 'main.cpp')
  
C:\Users\HP\source\repos\TechStorm-Rivalry\techstorm\core\utils\Button.h(274,27): warning C4244: 'initializing': conversion from 'float' to 'const int', possible loss of data
  (compiling source file 'main.cpp')
  
C:\Users\HP\source\repos\TechStorm-Rivalry\techstorm\core\utils\Button.h(276,43): warning C4244: 'initializing': conversion from 'float' to 'int', possible loss of data
  (compiling source file 'main.cpp')
  
C:\Users\HP\source\repos\TechStorm-Rivalry\techstorm\core\utils\Button.h(276,30): warning C4244: 'initializing': conversion from 'float' to 'const int', possible loss of data
  (compiling source file 'main.cpp')
  
C:\Users\HP\source\repos\TechStorm-Rivalry\techstorm\core\utils\Button.h(277,43): warning C4244: 'initializing': conversion from 'float' to 'int', possible loss of data
  (compiling source file 'main.cpp')
  
C:\Users\HP\source\repos\TechStorm-Rivalry\techstorm\core\utils\Button.h(277,30): warning C4244: 'initializing': conversion from 'float' to 'const int', possible loss of data
  (compiling source file 'main.cpp')
  
C:\Users\HP\source\repos\TechStorm-Rivalry\techstorm\inventory\ItemTypes.h(5,2): warning C4091: 'typedef ': ignored on left of 'EMaterialTypes' when no variable is declared
  (compiling source file 'main.cpp')
  
C:\Users\HP\source\repos\TechStorm-Rivalry\techstorm\inventory\ItemTypes.h(15,2): warning C4091: 'typedef ': ignored on left of 'EItemRarity' when no variable is declared
  (compiling source file 'main.cpp')
  
C:\Users\HP\source\repos\TechStorm-Rivalry\techstorm\inventory\ItemTypes.h(19,2): warning C4091: 'typedef ': ignored on left of 'EItemTypes' when no variable is declared
  (compiling source file 'main.cpp')
  
C:\Users\HP\source\repos\TechStorm-Rivalry\techstorm\inventory\Item.h(40,2): warning C4091: 'typedef ': ignored on left of 'Item' when no variable is declared
  (compiling source file 'main.cpp')
  
C:\Users\HP\source\repos\TechStorm-Rivalry\techstorm\player\Player.h(111,55): warning C4244: 'argument': conversion from 'float' to 'int', possible loss of data
  (compiling source file 'main.cpp')
  
C:\Users\HP\source\repos\TechStorm-Rivalry\techstorm\player\Player.h(167,22): warning C4244: 'return': conversion from 'int' to 'float', possible loss of data
  (compiling source file 'main.cpp')
  
C:\Users\HP\source\repos\TechStorm-Rivalry\techstorm\player\Player.h(192,29): warning C4244: '=': conversion from 'float' to 'int', possible loss of data
  (compiling source file 'main.cpp')
  
C:\Users\HP\source\repos\TechStorm-Rivalry\main.cpp(334,41): warning C4244: '=': conversion from 'int' to 'float', possible loss of data
C:\Users\HP\source\repos\TechStorm-Rivalry\main.cpp(335,42): warning C4244: '=': conversion from 'int' to 'float', possible loss of data
C:\Users\HP\source\repos\TechStorm-Rivalry\main.cpp(339,50): warning C4244: 'argument': conversion from 'float' to 'int', possible loss of data
  Globals.cpp
C:\Users\HP\source\repos\TechStorm-Rivalry\techstorm\core\utils\Math.h(42,17): warning C4244: 'initializing': conversion from 'double' to 'float', possible loss of data
  (compiling source file 'techstorm/Globals.cpp')
  
C:\Users\HP\source\repos\TechStorm-Rivalry\techstorm\Globals.cpp(286,50): warning C4244: 'argument': conversion from 'float' to 'int', possible loss of data
C:\Users\HP\source\repos\TechStorm-Rivalry\techstorm\Globals.cpp(286,43): warning C4244: 'argument': conversion from 'float' to 'int', possible loss of data
C:\Users\HP\source\repos\TechStorm-Rivalry\techstorm\Globals.cpp(286,87): warning C4244: 'argument': conversion from 'float' to 'int', possible loss of data
C:\Users\HP\source\repos\TechStorm-Rivalry\techstorm\Globals.cpp(286,80): warning C4244: 'argument': conversion from 'float' to 'int', possible loss of data
C:\Users\HP\source\repos\TechStorm-Rivalry\techstorm\Globals.cpp(286,124): warning C4244: 'argument': conversion from 'float' to 'int', possible loss of data
C:\Users\HP\source\repos\TechStorm-Rivalry\techstorm\Globals.cpp(286,117): warning C4244: 'argument': conversion from 'float' to 'int', possible loss of data
  Generating Code...
main.obj : warning LNK4075: ignoring '/EDITANDCONTINUE' due to '/INCREMENTAL:NO' specification
  TechStorm Rivalry.vcxproj -> C:\Users\HP\source\repos\TechStorm-Rivalry\x64\Debug\TechStorm Rivalry.exe
